<?xml version="1.0" encoding="UTF-8"?>
<!-- Generated by org.testng.reporters.JUnitReportReporter -->
<testsuite skipped="0" hostname="DESKTOP-SIDP7OO" name="testNgPack.Class4" tests="1" failures="0" timestamp="2022-08-23T23:55:36 IST" time="20.898" errors="0">
  <testcase name="launchGoogle1" time="20.898" classname="testNgPack.Class4"/>
  <system-out/>
</testsuite> <!-- testNgPack.Class4 -->
