<?xml version="1.0" encoding="UTF-8"?>
<!-- Generated by org.testng.reporters.JUnitReportReporter -->
<testsuite skipped="0" hostname="DESKTOP-SIDP7OO" name="testNgPack.Remo" tests="1" failures="0" timestamp="2022-08-18T22:47:16 IST" time="0.016" errors="0">
  <testcase name="Method2" time="0.016" classname="testNgPack.Remo"/>
  <system-out>
    <![CDATA[This is method2]]>
  </system-out>
</testsuite> <!-- testNgPack.Remo -->
