<?xml version="1.0" encoding="UTF-8"?>
<!-- Generated by org.testng.reporters.JUnitReportReporter -->
<testsuite skipped="0" hostname="DESKTOP-SIDP7OO" name="testNgPack.sumo" tests="1" failures="0" timestamp="2022-08-18T22:47:16 IST" time="0.002" errors="0">
  <testcase name="method1" time="0.002" classname="testNgPack.sumo"/>
  <system-out>
    <![CDATA[This is method1]]>
  </system-out>
</testsuite> <!-- testNgPack.sumo -->
