<?xml version="1.0" encoding="UTF-8"?>
<!-- Generated by org.testng.reporters.JUnitReportReporter -->
<testsuite skipped="0" hostname="DESKTOP-SIDP7OO" name="testNgPack.Flag8" tests="1" failures="0" timestamp="2022-08-23T10:45:53 IST" time="28.968" errors="0">
  <testcase name="loginActiTime" time="28.968" classname="testNgPack.Flag8"/>
  <system-out/>
</testsuite> <!-- testNgPack.Flag8 -->
