<?xml version="1.0" encoding="UTF-8"?>
<!-- Generated by org.testng.reporters.JUnitReportReporter -->
<testsuite skipped="0" hostname="DESKTOP-SIDP7OO" name="testNgPack.Flag6" tests="12" failures="0" timestamp="2022-08-22T10:37:50 IST" time="0.069" errors="0">
  <testcase name="st6" time="0.002" classname="testNgPack.Flag6"/>
  <system-out>
    <![CDATA[SMOKE test case6]]>
  </system-out>
  <testcase name="it6" time="0.005" classname="testNgPack.Flag6"/>
  <system-out>
    <![CDATA[Integration test case 6]]>
  </system-out>
  <testcase name="it5" time="0.016" classname="testNgPack.Flag6"/>
  <system-out>
    <![CDATA[Integration test case 5]]>
  </system-out>
  <testcase name="it3" time="0.005" classname="testNgPack.Flag6"/>
  <system-out>
    <![CDATA[Integration test case 3]]>
  </system-out>
  <testcase name="st5" time="0.001" classname="testNgPack.Flag6"/>
  <system-out>
    <![CDATA[SMOKE test case 5]]>
  </system-out>
  <testcase name="st1" time="0.002" classname="testNgPack.Flag6"/>
  <system-out>
    <![CDATA[SMOKE test case 1]]>
  </system-out>
  <testcase name="it2" time="0.003" classname="testNgPack.Flag6"/>
  <system-out>
    <![CDATA[Integration test case 2]]>
  </system-out>
  <testcase name="st3" time="0.003" classname="testNgPack.Flag6"/>
  <system-out>
    <![CDATA[SMOKE test case 3]]>
  </system-out>
  <testcase name="it4" time="0.005" classname="testNgPack.Flag6"/>
  <system-out>
    <![CDATA[Integration test case 4]]>
  </system-out>
  <testcase name="st2" time="0.002" classname="testNgPack.Flag6"/>
  <system-out>
    <![CDATA[SMOKE test case 2]]>
  </system-out>
  <testcase name="st4" time="0.006" classname="testNgPack.Flag6"/>
  <system-out>
    <![CDATA[SMOKE test case 4]]>
  </system-out>
  <testcase name="it1" time="0.019" classname="testNgPack.Flag6"/>
  <system-out>
    <![CDATA[Integration test case 1]]>
  </system-out>
</testsuite> <!-- testNgPack.Flag6 -->
