<?xml version="1.0" encoding="UTF-8"?>
<!-- Generated by org.testng.reporters.JUnitReportReporter -->
<testsuite skipped="0" hostname="DESKTOP-SIDP7OO" name="testNgPack.TestMethod1" tests="2" failures="0" timestamp="2022-08-23T22:36:55 IST" time="0.024" errors="0">
  <testcase name="method2" time="0.007" classname="testNgPack.TestMethod1"/>
  <system-out>
    <![CDATA[method2 1]]>
  </system-out>
  <testcase name="method1" time="0.017" classname="testNgPack.TestMethod1"/>
  <system-out>
    <![CDATA[method1 1]]>
  </system-out>
</testsuite> <!-- testNgPack.TestMethod1 -->
