<?xml version="1.0" encoding="UTF-8"?>
<!-- Generated by org.testng.reporters.JUnitReportReporter -->
<testsuite skipped="0" hostname="DESKTOP-SIDP7OO" name="testNgPack.Homework1SerialExe" tests="1" failures="0" timestamp="2022-08-23T23:32:36 IST" time="9.157" errors="0">
  <testcase name="LoginActitime" time="9.157" classname="testNgPack.Homework1SerialExe"/>
  <system-out/>
</testsuite> <!-- testNgPack.Homework1SerialExe -->
