<?xml version="1.0" encoding="UTF-8"?>
<!-- Generated by org.testng.reporters.JUnitReportReporter -->
<testsuite skipped="0" hostname="DESKTOP-SIDP7OO" name="testNgPack.ActitimeParallelExecution" tests="2" failures="0" timestamp="2022-08-23T23:48:32 IST" time="17.910" errors="0">
  <testcase name="LoginActitime" time="8.158" classname="testNgPack.ActitimeParallelExecution"/>
  <system-out/>
  <testcase name="LoginActitime" time="9.752" classname="testNgPack.ActitimeParallelExecution"/>
  <system-out/>
</testsuite> <!-- testNgPack.ActitimeParallelExecution -->
