<?xml version="1.0" encoding="UTF-8"?>
<!-- Generated by org.testng.reporters.JUnitReportReporter -->
<testsuite skipped="0" hostname="DESKTOP-SIDP7OO" name="testNgPack.Demo" tests="1" failures="0" timestamp="2022-08-17T21:40:09 IST" time="0.014" errors="0">
  <testcase name="f" time="0.014" classname="testNgPack.Demo"/>
  <system-out>
    <![CDATA[I am in f method]]>
  </system-out>
</testsuite> <!-- testNgPack.Demo -->
