<?xml version="1.0" encoding="UTF-8"?>
<!-- Generated by org.testng.reporters.JUnitReportReporter -->
<testsuite skipped="0" hostname="DESKTOP-SIDP7OO" name="testNgPack.Flag1" tests="2" failures="0" timestamp="2022-08-20T11:11:25 IST" time="0.022" errors="0">
  <testcase name="invalidActiTimeTest" time="0.019" classname="testNgPack.Flag1"/>
  <system-out>
    <![CDATA[valid login is performed]]>
  </system-out>
  <testcase name="validActiTimeTest" time="0.003" classname="testNgPack.Flag1"/>
  <system-out>
    <![CDATA[valid login is performed]]>
  </system-out>
</testsuite> <!-- testNgPack.Flag1 -->
