<?xml version="1.0" encoding="UTF-8"?>
<!-- Generated by org.testng.reporters.JUnitReportReporter -->
<testsuite skipped="1" hostname="DESKTOP-SIDP7OO" name="testNgPack.Flag2" tests="3" failures="0" timestamp="2022-08-20T11:15:38 IST" time="0.018" errors="0">
  <testcase name="method3" time="0.003" classname="testNgPack.Flag2"/>
  <system-out>
    <![CDATA[ActiTime Create reports ]]>
  </system-out>
  <testcase name="method2" time="0.015" classname="testNgPack.Flag2"/>
  <system-out>
    <![CDATA[ActiTime Create User ]]>
  </system-out>
  <testcase name="method1" classname="testNgPack.Flag2">
    <skipped/>
  </testcase> <!-- method1 -->
  <system-out/>
</testsuite> <!-- testNgPack.Flag2 -->
