<?xml version="1.0" encoding="UTF-8"?>
<!-- Generated by org.testng.reporters.JUnitReportReporter -->
<testsuite skipped="0" hostname="DESKTOP-SIDP7OO" name="parameterTestng.NewTest" tests="1" failures="0" timestamp="2022-08-23T11:33:05 IST" time="0.016" errors="0">
  <testcase name="test1" time="0.016" classname="parameterTestng.NewTest"/>
  <system-out>
    <![CDATA[@Test]]>
  </system-out>
</testsuite> <!-- parameterTestng.NewTest -->
