<?xml version="1.0" encoding="UTF-8"?>
<!-- Generated by org.testng.reporters.JUnitReportReporter -->
<testsuite skipped="0" hostname="DESKTOP-SIDP7OO" name="testNgPack.Homework1" tests="2" failures="0" timestamp="2022-08-23T22:54:23 IST" time="21.816" errors="0">
  <testcase name="LoginActitime" time="11.686" classname="testNgPack.Homework1"/>
  <system-out/>
  <testcase name="LoginActitime" time="10.130" classname="testNgPack.Homework1"/>
  <system-out/>
</testsuite> <!-- testNgPack.Homework1 -->
