<?xml version="1.0" encoding="UTF-8"?>
<!-- Generated by org.testng.reporters.JUnitReportReporter -->
<testsuite skipped="0" hostname="DESKTOP-SIDP7OO" name="testNgPack.Flag7" tests="5" failures="0" timestamp="2022-08-22T10:40:10 IST" time="0.032" errors="0">
  <testcase name="f" time="0.003" classname="testNgPack.Flag7"/>
  <system-out>
    <![CDATA[create and delete user]]>
  </system-out>
  <testcase name="f" time="0.002" classname="testNgPack.Flag7"/>
  <system-out>
    <![CDATA[create and delete user]]>
  </system-out>
  <testcase name="f" time="0.002" classname="testNgPack.Flag7"/>
  <system-out>
    <![CDATA[create and delete user]]>
  </system-out>
  <testcase name="f" time="0.020" classname="testNgPack.Flag7"/>
  <system-out>
    <![CDATA[create and delete user]]>
  </system-out>
  <testcase name="f" time="0.005" classname="testNgPack.Flag7"/>
  <system-out>
    <![CDATA[create and delete user]]>
  </system-out>
</testsuite> <!-- testNgPack.Flag7 -->
